Flow report for pc
Sun Jun 10 13:00:01 2012
Quartus II 32-bit Version 11.1 Build 216 11/23/2011 Service Pack 1 SJ Web Edition


---------------------
; Table of Contents ;
---------------------
  1. Legal Notice
  2. Flow Summary
  3. Flow Settings
  4. Flow Non-Default Global Settings
  5. Flow Elapsed Time
  6. Flow OS Summary
  7. Flow Log



----------------
; Legal Notice ;
----------------
Copyright (C) 1991-2011 Altera Corporation
Your use of Altera Corporation's design tools, logic functions 
and other software and tools, and its AMPP partner logic 
functions, and any output files from any of the foregoing 
(including device programming or simulation files), and any 
associated documentation or information are expressly subject 
to the terms and conditions of the Altera Program License 
Subscription Agreement, Altera MegaCore Function License 
Agreement, or other applicable license agreement, including, 
without limitation, that your use is for the sole purpose of 
programming logic devices manufactured by Altera and sold by 
Altera or its authorized distributors.  Please refer to the 
applicable agreement for further details.



+------------------------------------------------------------------------------------+
; Flow Summary                                                                       ;
+------------------------------------+-----------------------------------------------+
; Flow Status                        ; Successful - Sun Jun 10 13:00:01 2012         ;
; Quartus II 32-bit Version          ; 11.1 Build 216 11/23/2011 SP 1 SJ Web Edition ;
; Revision Name                      ; pc                                            ;
; Top-level Entity Name              ; pc8001                                        ;
; Family                             ; Cyclone III                                   ;
; Device                             ; EP3C16F484C6                                  ;
; Timing Models                      ; Final                                         ;
; Total logic elements               ; 6,510 / 15,408 ( 42 % )                       ;
;     Total combinational functions  ; 5,439 / 15,408 ( 35 % )                       ;
;     Dedicated logic registers      ; 3,523 / 15,408 ( 23 % )                       ;
; Total registers                    ; 3591                                          ;
; Total pins                         ; 124 / 347 ( 36 % )                            ;
; Total virtual pins                 ; 0                                             ;
; Total memory bits                  ; 315,920 / 516,096 ( 61 % )                    ;
; Embedded Multiplier 9-bit elements ; 0 / 112 ( 0 % )                               ;
; Total PLLs                         ; 2 / 4 ( 50 % )                                ;
+------------------------------------+-----------------------------------------------+


+-----------------------------------------+
; Flow Settings                           ;
+-------------------+---------------------+
; Option            ; Setting             ;
+-------------------+---------------------+
; Start date & time ; 06/10/2012 12:58:25 ;
; Main task         ; Compilation         ;
; Revision Name     ; pc                  ;
+-------------------+---------------------+


+----------------------------------------------------------------------------------------------------------------------------------------------------------------------------------------------------------+
; Flow Non-Default Global Settings                                                                                                                                                                         ;
+--------------------------------------+-----------------------------------------------------------------------------------------------------------+---------------+-------------------+-------------------+
; Assignment Name                      ; Value                                                                                                     ; Default Value ; Entity Name       ; Section Id        ;
+--------------------------------------+-----------------------------------------------------------------------------------------------------------+---------------+-------------------+-------------------+
; COMPILER_SIGNATURE_ID                ; 157395766526.133930070504136                                                                              ; --            ; --                ; --                ;
; EDA_DESIGN_INSTANCE_NAME             ; NA                                                                                                        ; --            ; --                ; TEST_CONTREG_8251 ;
; EDA_NATIVELINK_SIMULATION_TEST_BENCH ; TEST_CONTREG_8251                                                                                         ; --            ; --                ; eda_simulation    ;
; EDA_OUTPUT_DATA_FORMAT               ; Verilog Hdl                                                                                               ; --            ; --                ; eda_simulation    ;
; EDA_SIMULATION_TOOL                  ; ModelSim-Altera (Verilog)                                                                                 ; <None>        ; --                ; --                ;
; EDA_TEST_BENCH_ENABLE_STATUS         ; TEST_BENCH_MODE                                                                                           ; --            ; --                ; eda_simulation    ;
; EDA_TEST_BENCH_FILE                  ; rtl/test_8251ContReg.v                                                                                    ; --            ; --                ; TEST_CONTREG_8251 ;
; EDA_TEST_BENCH_MODULE_NAME           ; TEST_CONTREG_8251                                                                                         ; --            ; --                ; TEST_CONTREG_8251 ;
; EDA_TEST_BENCH_NAME                  ; TEST_CONTREG_8251                                                                                         ; --            ; --                ; eda_simulation    ;
; EDA_TIME_SCALE                       ; 1 ps                                                                                                      ; --            ; --                ; eda_simulation    ;
; ENABLE_SIGNALTAP                     ; On                                                                                                        ; --            ; --                ; --                ;
; IP_TOOL_ENV                          ; sopc                                                                                                      ; --            ; pc8001_sub_system ; --                ;
; IP_TOOL_NAME                         ; ALTPLL                                                                                                    ; --            ; --                ; --                ;
; IP_TOOL_NAME                         ; RAM: 1-PORT                                                                                               ; --            ; --                ; --                ;
; IP_TOOL_NAME                         ; RAM: 2-PORT                                                                                               ; --            ; --                ; --                ;
; IP_TOOL_NAME                         ; RAM: 2-PORT                                                                                               ; --            ; --                ; --                ;
; IP_TOOL_NAME                         ; sopc                                                                                                      ; --            ; pc8001_sub_system ; --                ;
; IP_TOOL_VERSION                      ; 11.1                                                                                                      ; --            ; --                ; --                ;
; IP_TOOL_VERSION                      ; 11.1                                                                                                      ; --            ; --                ; --                ;
; IP_TOOL_VERSION                      ; 11.1                                                                                                      ; --            ; --                ; --                ;
; IP_TOOL_VERSION                      ; 11.1                                                                                                      ; --            ; --                ; --                ;
; IP_TOOL_VERSION                      ; 11.1sp1                                                                                                   ; --            ; pc8001_sub_system ; --                ;
; MAX_CORE_JUNCTION_TEMP               ; 85                                                                                                        ; --            ; --                ; --                ;
; MIN_CORE_JUNCTION_TEMP               ; 0                                                                                                         ; --            ; --                ; --                ;
; MISC_FILE                            ; rtl/altip/pll_inst.v                                                                                      ; --            ; --                ; --                ;
; MISC_FILE                            ; rtl/altip/pll_bb.v                                                                                        ; --            ; --                ; --                ;
; MISC_FILE                            ; rtl/altip/pll.ppf                                                                                         ; --            ; --                ; --                ;
; MISC_FILE                            ; rtl/altip/alt_ram_32kB_inst.v                                                                             ; --            ; --                ; --                ;
; MISC_FILE                            ; rtl/altip/alt_ram_32kB_bb.v                                                                               ; --            ; --                ; --                ;
; MISC_FILE                            ; rtl/altip/alt_vram_inst.v                                                                                 ; --            ; --                ; --                ;
; MISC_FILE                            ; rtl/altip/alt_vram_bb.v                                                                                   ; --            ; --                ; --                ;
; MISC_FILE                            ; rtl/altip/alt_vram_attribute_inst.v                                                                       ; --            ; --                ; --                ;
; MISC_FILE                            ; rtl/altip/alt_vram_attribute_bb.v                                                                         ; --            ; --                ; --                ;
; OUTPUT_IO_TIMING_FAR_END_VMEAS       ; Half Signal Swing                                                                                         ; --            ; --                ; --                ;
; OUTPUT_IO_TIMING_FAR_END_VMEAS       ; Half Signal Swing                                                                                         ; --            ; --                ; --                ;
; OUTPUT_IO_TIMING_NEAR_END_VMEAS      ; Half Vccio                                                                                                ; --            ; --                ; --                ;
; OUTPUT_IO_TIMING_NEAR_END_VMEAS      ; Half Vccio                                                                                                ; --            ; --                ; --                ;
; PARTITION_COLOR                      ; 16764057                                                                                                  ; --            ; pc8001            ; Top               ;
; PARTITION_FITTER_PRESERVATION_LEVEL  ; PLACEMENT_AND_ROUTING                                                                                     ; --            ; pc8001            ; Top               ;
; PARTITION_NETLIST_TYPE               ; SOURCE                                                                                                    ; --            ; pc8001            ; Top               ;
; POWER_BOARD_THERMAL_MODEL            ; None (CONSERVATIVE)                                                                                       ; --            ; --                ; --                ;
; POWER_PRESET_COOLING_SOLUTION        ; 23 MM HEAT SINK WITH 200 LFPM AIRFLOW                                                                     ; --            ; --                ; --                ;
; SLD_NODE_CREATOR_ID                  ; 110                                                                                                       ; --            ; --                ; auto_signaltap_0  ;
; SLD_NODE_ENTITY_NAME                 ; sld_signaltap                                                                                             ; --            ; --                ; auto_signaltap_0  ;
; SLD_NODE_PARAMETER_ASSIGNMENT        ; SLD_NODE_INFO=805334528                                                                                   ; --            ; --                ; auto_signaltap_0  ;
; SLD_NODE_PARAMETER_ASSIGNMENT        ; SLD_POWER_UP_TRIGGER=0                                                                                    ; --            ; --                ; auto_signaltap_0  ;
; SLD_NODE_PARAMETER_ASSIGNMENT        ; SLD_STORAGE_QUALIFIER_INVERSION_MASK_LENGTH=0                                                             ; --            ; --                ; auto_signaltap_0  ;
; SLD_NODE_PARAMETER_ASSIGNMENT        ; SLD_ATTRIBUTE_MEM_MODE=OFF                                                                                ; --            ; --                ; auto_signaltap_0  ;
; SLD_NODE_PARAMETER_ASSIGNMENT        ; SLD_STATE_FLOW_USE_GENERATED=0                                                                            ; --            ; --                ; auto_signaltap_0  ;
; SLD_NODE_PARAMETER_ASSIGNMENT        ; SLD_STATE_BITS=11                                                                                         ; --            ; --                ; auto_signaltap_0  ;
; SLD_NODE_PARAMETER_ASSIGNMENT        ; SLD_BUFFER_FULL_STOP=1                                                                                    ; --            ; --                ; auto_signaltap_0  ;
; SLD_NODE_PARAMETER_ASSIGNMENT        ; SLD_CURRENT_RESOURCE_WIDTH=1                                                                              ; --            ; --                ; auto_signaltap_0  ;
; SLD_NODE_PARAMETER_ASSIGNMENT        ; SLD_TRIGGER_LEVEL=1                                                                                       ; --            ; --                ; auto_signaltap_0  ;
; SLD_NODE_PARAMETER_ASSIGNMENT        ; SLD_TRIGGER_IN_ENABLED=0                                                                                  ; --            ; --                ; auto_signaltap_0  ;
; SLD_NODE_PARAMETER_ASSIGNMENT        ; SLD_ADVANCED_TRIGGER_ENTITY=basic,1,                                                                      ; --            ; --                ; auto_signaltap_0  ;
; SLD_NODE_PARAMETER_ASSIGNMENT        ; SLD_TRIGGER_LEVEL_PIPELINE=1                                                                              ; --            ; --                ; auto_signaltap_0  ;
; SLD_NODE_PARAMETER_ASSIGNMENT        ; SLD_ENABLE_ADVANCED_TRIGGER=0                                                                             ; --            ; --                ; auto_signaltap_0  ;
; SLD_NODE_PARAMETER_ASSIGNMENT        ; SLD_SEGMENT_SIZE=512                                                                                      ; --            ; --                ; auto_signaltap_0  ;
; SLD_NODE_PARAMETER_ASSIGNMENT        ; SLD_SAMPLE_DEPTH=512                                                                                      ; --            ; --                ; auto_signaltap_0  ;
; SLD_NODE_PARAMETER_ASSIGNMENT        ; SLD_DATA_BITS=21                                                                                          ; --            ; --                ; auto_signaltap_0  ;
; SLD_NODE_PARAMETER_ASSIGNMENT        ; SLD_TRIGGER_BITS=21                                                                                       ; --            ; --                ; auto_signaltap_0  ;
; SLD_NODE_PARAMETER_ASSIGNMENT        ; SLD_INVERSION_MASK=00000000000000000000000000000000000000000000000000000000000000000000000000000000000000 ; --            ; --                ; auto_signaltap_0  ;
; SLD_NODE_PARAMETER_ASSIGNMENT        ; SLD_INVERSION_MASK_LENGTH=86                                                                              ; --            ; --                ; auto_signaltap_0  ;
; SLD_NODE_PARAMETER_ASSIGNMENT        ; SLD_NODE_CRC_LOWORD=58010                                                                                 ; --            ; --                ; auto_signaltap_0  ;
; SLD_NODE_PARAMETER_ASSIGNMENT        ; SLD_NODE_CRC_HIWORD=61710                                                                                 ; --            ; --                ; auto_signaltap_0  ;
; SOPC_BUILDER_SIGNATURE_ID            ; C860000229eb00000137d469dc4c                                                                              ; --            ; --                ; --                ;
; TOP_LEVEL_ENTITY                     ; pc8001                                                                                                    ; pc            ; --                ; --                ;
; USE_SIGNALTAP_FILE                   ; pc-8001onDE0.stp                                                                                          ; --            ; --                ; --                ;
+--------------------------------------+-----------------------------------------------------------------------------------------------------------+---------------+-------------------+-------------------+


+-------------------------------------------------------------------------------------------------------------------------------+
; Flow Elapsed Time                                                                                                             ;
+---------------------------+--------------+-------------------------+---------------------+------------------------------------+
; Module Name               ; Elapsed Time ; Average Processors Used ; Peak Virtual Memory ; Total CPU Time (on all processors) ;
+---------------------------+--------------+-------------------------+---------------------+------------------------------------+
; Analysis & Synthesis      ; 00:00:45     ; 1.0                     ; 413 MB              ; 00:00:45                           ;
; Fitter                    ; 00:00:23     ; 1.0                     ; 447 MB              ; 00:00:23                           ;
; Assembler                 ; 00:00:02     ; 1.0                     ; 318 MB              ; 00:00:02                           ;
; TimeQuest Timing Analyzer ; 00:00:09     ; 1.0                     ; 359 MB              ; 00:00:09                           ;
; EDA Netlist Writer        ; 00:00:10     ; 1.0                     ; 334 MB              ; 00:00:10                           ;
; Total                     ; 00:01:29     ; --                      ; --                  ; 00:01:29                           ;
+---------------------------+--------------+-------------------------+---------------------+------------------------------------+


+----------------------------------------------------------------------------------------+
; Flow OS Summary                                                                        ;
+---------------------------+------------------+-----------+------------+----------------+
; Module Name               ; Machine Hostname ; OS Name   ; OS Version ; Processor type ;
+---------------------------+------------------+-----------+------------+----------------+
; Analysis & Synthesis      ; H192168011032    ; Windows 7 ; 6.1        ; x86_64         ;
; Fitter                    ; H192168011032    ; Windows 7 ; 6.1        ; x86_64         ;
; Assembler                 ; H192168011032    ; Windows 7 ; 6.1        ; x86_64         ;
; TimeQuest Timing Analyzer ; H192168011032    ; Windows 7 ; 6.1        ; x86_64         ;
; EDA Netlist Writer        ; H192168011032    ; Windows 7 ; 6.1        ; x86_64         ;
+---------------------------+------------------+-----------+------------+----------------+


------------
; Flow Log ;
------------
quartus_map --read_settings_files=on --write_settings_files=off pc-8001onDE0 -c pc
quartus_fit --read_settings_files=off --write_settings_files=off pc-8001onDE0 -c pc
quartus_asm --read_settings_files=off --write_settings_files=off pc-8001onDE0 -c pc
quartus_sta pc-8001onDE0 -c pc
quartus_eda --read_settings_files=off --write_settings_files=off pc-8001onDE0 -c pc



